<?xml version="1.0" encoding="UTF-8"?>
<testsuite name="demo.base.BaseDemoTest" tests="1" skipped="0" failures="0" errors="0" timestamp="2022-06-23T18:13:28" hostname="DESKTOP-BUU3AC4" time="0.01">
  <properties/>
  <testcase name="test_sum_case2()" classname="demo.base.BaseDemoTest" time="0.01"/>
  <system-out><![CDATA[]]></system-out>
  <system-err><![CDATA[]]></system-err>
</testsuite>
